TN:
SF:/Users/JonKel/code/github/jonaskello/tslint-immutable/rules/index.js
FNF:0
FNH:0
DA:2,0
LF:1
LH:0
BRF:0
BRH:0
end_of_record
TN:
SF:/Users/JonKel/code/github/jonaskello/tslint-immutable/rules/noClassRule.js
FN:2,(anonymous_0)
FN:4,(anonymous_1)
FN:5,(anonymous_2)
FN:6,(anonymous_3)
FN:8,__
FN:15,(anonymous_5)
FN:17,Rule
FN:20,(anonymous_7)
FN:28,(anonymous_8)
FN:30,NoClassWalker
FN:33,(anonymous_10)
FNF:11
FNH:9
FNDA:1,(anonymous_0)
FNDA:0,(anonymous_1)
FNDA:0,(anonymous_2)
FNDA:2,(anonymous_3)
FNDA:2,__
FNDA:1,(anonymous_5)
FNDA:1,Rule
FNDA:1,(anonymous_7)
FNDA:1,(anonymous_8)
FNDA:1,NoClassWalker
FNDA:9,(anonymous_10)
DA:2,1
DA:3,1
DA:4,0
DA:5,0
DA:6,1
DA:7,2
DA:8,2
DA:9,2
DA:12,1
DA:13,1
DA:14,1
DA:15,1
DA:16,1
DA:18,1
DA:20,1
DA:21,1
DA:22,1
DA:24,1
DA:26,1
DA:27,1
DA:28,1
DA:29,1
DA:31,1
DA:33,1
DA:34,9
DA:35,1
DA:37,9
DA:39,1
LF:28
LH:26
BRDA:2,0,0,1
BRDA:2,0,1,1
BRDA:2,0,2,1
BRDA:3,1,0,1
BRDA:3,1,1,0
BRDA:3,1,2,0
BRDA:3,1,3,0
BRDA:5,2,0,0
BRDA:5,2,1,0
BRDA:9,3,0,0
BRDA:9,3,1,2
BRDA:18,4,0,1
BRDA:18,4,1,1
BRDA:18,4,2,1
BRDA:31,5,0,1
BRDA:31,5,1,1
BRDA:31,5,2,0
BRDA:34,6,0,1
BRDA:34,6,1,8
BRDA:34,7,0,9
BRDA:34,7,1,9
BRDA:34,7,2,9
BRF:22
BRH:15
end_of_record
TN:
SF:/Users/JonKel/code/github/jonaskello/tslint-immutable/rules/noExpressionStatementRule.js
FN:2,(anonymous_0)
FN:4,(anonymous_1)
FN:5,(anonymous_2)
FN:6,(anonymous_3)
FN:8,__
FN:16,parseOptions
FN:27,(anonymous_6)
FN:29,Rule
FN:32,(anonymous_8)
FN:40,(anonymous_9)
FN:42,NoExpressionStatementWalker
FN:47,(anonymous_11)
FN:51,(anonymous_12)
FN:59,(anonymous_13)
FN:64,(anonymous_14)
FNF:15
FNH:13
FNDA:1,(anonymous_0)
FNDA:0,(anonymous_1)
FNDA:0,(anonymous_2)
FNDA:2,(anonymous_3)
FNDA:2,__
FNDA:3,parseOptions
FNDA:1,(anonymous_6)
FNDA:3,Rule
FNDA:3,(anonymous_8)
FNDA:1,(anonymous_9)
FNDA:3,NoExpressionStatementWalker
FNDA:45,(anonymous_11)
FNDA:6,(anonymous_12)
FNDA:6,(anonymous_13)
FNDA:5,(anonymous_14)
DA:2,1
DA:3,1
DA:4,0
DA:5,0
DA:6,1
DA:7,2
DA:8,2
DA:9,2
DA:12,1
DA:13,1
DA:14,1
DA:15,1
DA:18,3
DA:19,2
DA:20,2
DA:21,2
DA:22,2
DA:25,3
DA:27,1
DA:28,1
DA:30,3
DA:32,1
DA:33,3
DA:34,3
DA:36,1
DA:38,1
DA:39,1
DA:40,1
DA:41,1
DA:43,3
DA:44,3
DA:45,3
DA:47,1
DA:48,45
DA:49,6
DA:50,6
DA:51,6
DA:52,6
DA:53,6
DA:54,3
DA:57,45
DA:59,1
DA:60,6
DA:61,1
DA:63,5
DA:64,5
DA:65,2
DA:69,2
DA:70,1
DA:73,2
DA:75,1
LF:51
LH:49
BRDA:2,0,0,1
BRDA:2,0,1,1
BRDA:2,0,2,1
BRDA:3,1,0,1
BRDA:3,1,1,0
BRDA:3,1,2,0
BRDA:3,1,3,0
BRDA:5,2,0,0
BRDA:5,2,1,0
BRDA:9,3,0,0
BRDA:9,3,1,2
BRDA:20,4,0,2
BRDA:20,4,1,0
BRDA:20,5,0,2
BRDA:20,5,1,2
BRDA:30,6,0,3
BRDA:30,6,1,3
BRDA:30,6,2,3
BRDA:43,7,0,3
BRDA:43,7,1,0
BRDA:48,8,0,6
BRDA:48,8,1,39
BRDA:48,9,0,45
BRDA:48,9,1,45
BRDA:53,10,0,3
BRDA:53,10,1,3
BRDA:53,11,0,6
BRDA:53,11,1,6
BRDA:60,12,0,1
BRDA:60,12,1,5
BRDA:63,13,0,3
BRDA:63,13,1,2
BRDA:64,14,0,2
BRDA:64,14,1,1
BRDA:69,15,0,1
BRDA:69,15,1,1
BRF:36
BRH:28
end_of_record
TN:
SF:/Users/JonKel/code/github/jonaskello/tslint-immutable/rules/noLetRule.js
FN:2,(anonymous_0)
FN:4,(anonymous_1)
FN:5,(anonymous_2)
FN:6,(anonymous_3)
FN:8,__
FN:15,(anonymous_5)
FN:17,Rule
FN:20,(anonymous_7)
FN:28,(anonymous_8)
FN:30,NoLetKeywordWalker
FN:33,(anonymous_10)
FN:39,(anonymous_11)
FN:43,(anonymous_12)
FN:47,(anonymous_13)
FN:51,(anonymous_14)
FNF:15
FNH:11
FNDA:1,(anonymous_0)
FNDA:0,(anonymous_1)
FNDA:0,(anonymous_2)
FNDA:2,(anonymous_3)
FNDA:2,__
FNDA:1,(anonymous_5)
FNDA:1,Rule
FNDA:1,(anonymous_7)
FNDA:1,(anonymous_8)
FNDA:1,NoLetKeywordWalker
FNDA:2,(anonymous_10)
FNDA:1,(anonymous_11)
FNDA:0,(anonymous_12)
FNDA:0,(anonymous_13)
FNDA:1,(anonymous_14)
DA:2,1
DA:3,1
DA:4,0
DA:5,0
DA:6,1
DA:7,2
DA:8,2
DA:9,2
DA:12,1
DA:13,1
DA:14,1
DA:15,1
DA:16,1
DA:18,1
DA:20,1
DA:21,1
DA:22,1
DA:24,1
DA:26,1
DA:27,1
DA:28,1
DA:29,1
DA:31,1
DA:33,1
DA:34,2
DA:35,1
DA:37,2
DA:39,1
DA:40,1
DA:41,1
DA:43,1
DA:44,0
DA:45,0
DA:47,1
DA:48,0
DA:49,0
DA:51,1
DA:52,1
DA:54,1
DA:57,1
LF:40
LH:34
BRDA:2,0,0,1
BRDA:2,0,1,1
BRDA:2,0,2,1
BRDA:3,1,0,1
BRDA:3,1,1,0
BRDA:3,1,2,0
BRDA:3,1,3,0
BRDA:5,2,0,0
BRDA:5,2,1,0
BRDA:9,3,0,0
BRDA:9,3,1,2
BRDA:18,4,0,1
BRDA:18,4,1,1
BRDA:18,4,2,1
BRDA:31,5,0,1
BRDA:31,5,1,1
BRDA:31,5,2,0
BRDA:34,6,0,1
BRDA:34,6,1,1
BRDA:52,7,0,1
BRDA:52,7,1,0
BRDA:52,8,0,1
BRDA:52,8,1,1
BRDA:52,8,2,1
BRF:24
BRH:16
end_of_record
TN:
SF:/Users/JonKel/code/github/jonaskello/tslint-immutable/rules/noMixedInterfaceRule.js
FN:2,(anonymous_0)
FN:4,(anonymous_1)
FN:5,(anonymous_2)
FN:6,(anonymous_3)
FN:8,__
FN:14,(anonymous_5)
FN:16,Rule
FN:19,(anonymous_7)
FN:27,(anonymous_8)
FN:29,PropertyInterfaceWalker
FN:32,(anonymous_10)
FN:34,(anonymous_11)
FN:48,uniqIndex
FNF:13
FNH:11
FNDA:1,(anonymous_0)
FNDA:0,(anonymous_1)
FNDA:0,(anonymous_2)
FNDA:2,(anonymous_3)
FNDA:2,__
FNDA:1,(anonymous_5)
FNDA:1,Rule
FNDA:1,(anonymous_7)
FNDA:1,(anonymous_8)
FNDA:1,PropertyInterfaceWalker
FNDA:4,(anonymous_10)
FNDA:7,(anonymous_11)
FNDA:4,uniqIndex
DA:2,1
DA:3,1
DA:4,0
DA:5,0
DA:6,1
DA:7,2
DA:8,2
DA:9,2
DA:12,1
DA:13,1
DA:14,1
DA:15,1
DA:17,1
DA:19,1
DA:20,1
DA:21,1
DA:23,1
DA:25,1
DA:26,1
DA:27,1
DA:28,1
DA:30,1
DA:32,1
DA:34,7
DA:36,4
DA:37,4
DA:38,1
DA:40,4
DA:42,1
DA:49,4
DA:50,4
DA:51,4
DA:52,7
DA:53,7
DA:54,1
DA:56,6
DA:57,6
DA:59,3
LF:38
LH:36
BRDA:2,0,0,1
BRDA:2,0,1,1
BRDA:2,0,2,1
BRDA:3,1,0,1
BRDA:3,1,1,0
BRDA:3,1,2,0
BRDA:3,1,3,0
BRDA:5,2,0,0
BRDA:5,2,1,0
BRDA:9,3,0,0
BRDA:9,3,1,2
BRDA:17,4,0,1
BRDA:17,4,1,1
BRDA:17,4,2,1
BRDA:30,5,0,1
BRDA:30,5,1,1
BRDA:30,5,2,0
BRDA:37,6,0,1
BRDA:37,6,1,3
BRDA:53,7,0,1
BRDA:53,7,1,6
BRDA:53,8,0,7
BRDA:53,8,1,3
BRF:23
BRH:16
end_of_record
TN:
SF:/Users/JonKel/code/github/jonaskello/tslint-immutable/rules/noObjectMutationRule.js
FN:2,(anonymous_0)
FN:4,(anonymous_1)
FN:5,(anonymous_2)
FN:6,(anonymous_3)
FN:8,__
FN:15,(anonymous_5)
FN:17,Rule
FN:20,(anonymous_7)
FN:51,(anonymous_8)
FN:53,NoObjectMutationWalker
FN:56,(anonymous_10)
FN:60,(anonymous_11)
FN:61,(anonymous_12)
FN:68,(anonymous_13)
FN:75,(anonymous_14)
FN:76,(anonymous_15)
FN:83,(anonymous_16)
FN:84,(anonymous_17)
FNF:18
FNH:16
FNDA:1,(anonymous_0)
FNDA:0,(anonymous_1)
FNDA:0,(anonymous_2)
FNDA:2,(anonymous_3)
FNDA:2,__
FNDA:1,(anonymous_5)
FNDA:1,Rule
FNDA:1,(anonymous_7)
FNDA:1,(anonymous_8)
FNDA:1,NoObjectMutationWalker
FNDA:190,(anonymous_10)
FNDA:31,(anonymous_11)
FNDA:106,(anonymous_12)
FNDA:3,(anonymous_13)
FNDA:8,(anonymous_14)
FNDA:7,(anonymous_15)
FNDA:6,(anonymous_16)
FNDA:4,(anonymous_17)
DA:2,1
DA:3,1
DA:4,0
DA:5,0
DA:6,1
DA:7,2
DA:8,2
DA:9,2
DA:12,1
DA:13,1
DA:14,1
DA:15,1
DA:16,1
DA:18,1
DA:20,1
DA:21,1
DA:22,1
DA:24,1
DA:26,1
DA:27,1
DA:28,1
DA:32,1
DA:47,1
DA:51,1
DA:52,1
DA:54,1
DA:56,1
DA:58,190
DA:59,16
DA:60,31
DA:61,106
DA:62,15
DA:66,190
DA:67,2
DA:68,3
DA:69,2
DA:73,190
DA:74,4
DA:75,8
DA:76,7
DA:77,2
DA:81,190
DA:82,3
DA:83,6
DA:84,4
DA:85,3
DA:88,190
DA:90,1
LF:48
LH:46
BRDA:2,0,0,1
BRDA:2,0,1,1
BRDA:2,0,2,1
BRDA:3,1,0,1
BRDA:3,1,1,0
BRDA:3,1,2,0
BRDA:3,1,3,0
BRDA:5,2,0,0
BRDA:5,2,1,0
BRDA:9,3,0,0
BRDA:9,3,1,2
BRDA:18,4,0,1
BRDA:18,4,1,1
BRDA:18,4,2,1
BRDA:54,5,0,1
BRDA:54,5,1,1
BRDA:54,5,2,0
BRDA:58,6,0,16
BRDA:58,6,1,174
BRDA:58,7,0,190
BRDA:58,7,1,190
BRDA:60,8,0,15
BRDA:60,8,1,1
BRDA:60,9,0,16
BRDA:60,9,1,16
BRDA:66,10,0,2
BRDA:66,10,1,188
BRDA:66,11,0,190
BRDA:66,11,1,190
BRDA:68,12,0,2
BRDA:68,12,1,0
BRDA:73,13,0,4
BRDA:73,13,1,186
BRDA:73,14,0,190
BRDA:73,14,1,190
BRDA:75,15,0,2
BRDA:75,15,1,2
BRDA:75,16,0,4
BRDA:75,16,1,4
BRDA:81,17,0,3
BRDA:81,17,1,187
BRDA:81,18,0,190
BRDA:81,18,1,190
BRDA:83,19,0,3
BRDA:83,19,1,0
BRDA:83,20,0,3
BRDA:83,20,1,3
BRF:47
BRH:38
end_of_record
TN:
SF:/Users/JonKel/code/github/jonaskello/tslint-immutable/rules/noThisRule.js
FN:2,(anonymous_0)
FN:4,(anonymous_1)
FN:5,(anonymous_2)
FN:6,(anonymous_3)
FN:8,__
FN:15,(anonymous_5)
FN:17,Rule
FN:20,(anonymous_7)
FN:28,(anonymous_8)
FN:30,NoThisWalker
FN:33,(anonymous_10)
FNF:11
FNH:9
FNDA:1,(anonymous_0)
FNDA:0,(anonymous_1)
FNDA:0,(anonymous_2)
FNDA:2,(anonymous_3)
FNDA:2,__
FNDA:1,(anonymous_5)
FNDA:1,Rule
FNDA:1,(anonymous_7)
FNDA:1,(anonymous_8)
FNDA:1,NoThisWalker
FNDA:14,(anonymous_10)
DA:2,1
DA:3,1
DA:4,0
DA:5,0
DA:6,1
DA:7,2
DA:8,2
DA:9,2
DA:12,1
DA:13,1
DA:14,1
DA:15,1
DA:16,1
DA:18,1
DA:20,1
DA:21,1
DA:22,1
DA:24,1
DA:26,1
DA:27,1
DA:28,1
DA:29,1
DA:31,1
DA:33,1
DA:34,14
DA:35,1
DA:37,14
DA:39,1
LF:28
LH:26
BRDA:2,0,0,1
BRDA:2,0,1,1
BRDA:2,0,2,1
BRDA:3,1,0,1
BRDA:3,1,1,0
BRDA:3,1,2,0
BRDA:3,1,3,0
BRDA:5,2,0,0
BRDA:5,2,1,0
BRDA:9,3,0,0
BRDA:9,3,1,2
BRDA:18,4,0,1
BRDA:18,4,1,1
BRDA:18,4,2,1
BRDA:31,5,0,1
BRDA:31,5,1,1
BRDA:31,5,2,0
BRDA:34,6,0,1
BRDA:34,6,1,13
BRDA:34,7,0,14
BRDA:34,7,1,14
BRF:21
BRH:14
end_of_record
TN:
SF:/Users/JonKel/code/github/jonaskello/tslint-immutable/rules/readonly-shared.js
FN:11,createInvalidNode
FN:15,parseOptions
FN:28,walk
FN:30,cb
FN:49,reportInvalidNodes
FN:50,(anonymous_5)
FN:53,checkIgnoreLocalFunctionNode
FN:73,shouldIgnorePrefix
FNF:8
FNH:8
FNDA:158,createInvalidNode
FNDA:20,parseOptions
FNDA:20,walk
FNDA:1833,cb
FNDA:1833,reportInvalidNodes
FNDA:158,(anonymous_5)
FNDA:15,checkIgnoreLocalFunctionNode
FNDA:264,shouldIgnorePrefix
DA:7,1
DA:8,1
DA:9,1
DA:10,1
DA:12,158
DA:14,1
DA:16,20
DA:18,20
DA:19,13
DA:20,13
DA:21,6
DA:22,6
DA:25,20
DA:27,1
DA:29,20
DA:32,1833
DA:35,15
DA:36,15
DA:38,15
DA:40,15
DA:43,1818
DA:45,1818
DA:48,1
DA:50,1833
DA:52,1
DA:54,15
DA:56,15
DA:57,6
DA:58,6
DA:59,6
DA:60,6
DA:64,15
DA:65,7
DA:66,7
DA:67,7
DA:70,15
DA:72,1
DA:75,264
DA:76,114
DA:80,105
DA:81,105
DA:82,41
DA:86,223
DA:88,1
LF:44
LH:44
BRDA:20,0,0,6
BRDA:20,0,1,7
BRDA:20,1,0,13
BRDA:20,1,1,6
BRDA:32,2,0,15
BRDA:32,2,1,1818
BRDA:32,3,0,1833
BRDA:32,3,1,427
BRDA:32,3,2,419
BRDA:32,3,3,413
BRDA:59,4,0,6
BRDA:59,4,1,0
BRDA:64,5,0,7
BRDA:64,5,1,8
BRDA:66,6,0,7
BRDA:66,6,1,0
BRDA:75,7,0,114
BRDA:75,7,1,150
BRDA:76,8,0,105
BRDA:76,8,1,9
BRDA:76,9,0,114
BRDA:76,9,1,114
BRDA:76,9,2,83
BRDA:76,9,3,69
BRDA:76,9,4,15
BRDA:81,10,0,41
BRDA:81,10,1,64
BRF:27
BRH:25
end_of_record
TN:
SF:/Users/JonKel/code/github/jonaskello/tslint-immutable/rules/readonlyArrayRule.js
FN:2,(anonymous_0)
FN:4,(anonymous_1)
FN:5,(anonymous_2)
FN:6,(anonymous_3)
FN:8,__
FN:16,(anonymous_5)
FN:18,Rule
FN:21,(anonymous_7)
FN:22,(anonymous_8)
FN:27,checkNode
FN:32,checkArrayTypeOrReference
FN:55,checkVariableOrParameterImplicitType
FNF:12
FNH:10
FNDA:1,(anonymous_0)
FNDA:0,(anonymous_1)
FNDA:0,(anonymous_2)
FNDA:1,(anonymous_3)
FNDA:1,__
FNDA:1,(anonymous_5)
FNDA:13,Rule
FNDA:13,(anonymous_7)
FNDA:13,(anonymous_8)
FNDA:1000,checkNode
FNDA:1000,checkArrayTypeOrReference
FNDA:1000,checkVariableOrParameterImplicitType
DA:2,1
DA:3,1
DA:4,0
DA:5,0
DA:6,1
DA:7,1
DA:8,1
DA:9,1
DA:12,1
DA:13,1
DA:14,1
DA:15,1
DA:16,1
DA:17,1
DA:19,13
DA:21,1
DA:22,13
DA:24,1
DA:26,1
DA:28,1000
DA:29,1000
DA:30,1000
DA:34,1000
DA:36,80
DA:37,15
DA:39,65
DA:40,65
DA:41,8
DA:42,8
DA:44,57
DA:45,57
DA:46,57
DA:47,57
DA:50,65
DA:51,65
DA:53,920
DA:56,1000
DA:58,89
DA:59,89
DA:60,8
DA:62,81
DA:63,34
DA:64,16
DA:65,16
DA:66,16
DA:79,16
DA:83,976
LF:47
LH:45
BRDA:2,0,0,1
BRDA:2,0,1,1
BRDA:2,0,2,1
BRDA:3,1,0,1
BRDA:3,1,1,0
BRDA:3,1,2,0
BRDA:3,1,3,0
BRDA:5,2,0,0
BRDA:5,2,1,0
BRDA:9,3,0,0
BRDA:9,3,1,1
BRDA:19,4,0,13
BRDA:19,4,1,13
BRDA:19,4,2,13
BRDA:34,5,0,80
BRDA:34,5,1,920
BRDA:34,6,0,1000
BRDA:34,6,1,992
BRDA:34,6,2,108
BRDA:36,7,0,15
BRDA:36,7,1,65
BRDA:36,8,0,80
BRDA:36,8,1,80
BRDA:40,9,0,8
BRDA:40,9,1,57
BRDA:44,10,0,57
BRDA:44,10,1,0
BRDA:46,11,0,57
BRDA:46,11,1,0
BRDA:56,12,0,89
BRDA:56,12,1,911
BRDA:56,13,0,1000
BRDA:56,13,1,936
BRDA:59,14,0,8
BRDA:59,14,1,81
BRDA:62,15,0,34
BRDA:62,15,1,47
BRDA:63,16,0,16
BRDA:63,16,1,18
BRDA:63,17,0,34
BRDA:63,17,1,34
BRF:41
BRH:33
end_of_record
TN:
SF:/Users/JonKel/code/github/jonaskello/tslint-immutable/rules/readonlyKeywordRule.js
FN:2,(anonymous_0)
FN:4,(anonymous_1)
FN:5,(anonymous_2)
FN:6,(anonymous_3)
FN:8,__
FN:20,(anonymous_5)
FN:22,Rule
FN:25,(anonymous_7)
FN:26,(anonymous_8)
FN:31,checkNode
FN:34,checkPropertySignatureAndIndexSignature
FN:36,(anonymous_11)
FNF:12
FNH:10
FNDA:1,(anonymous_0)
FNDA:0,(anonymous_1)
FNDA:0,(anonymous_2)
FNDA:1,(anonymous_3)
FNDA:1,__
FNDA:1,(anonymous_5)
FNDA:7,Rule
FNDA:7,(anonymous_7)
FNDA:7,(anonymous_8)
FNDA:831,checkNode
FNDA:831,checkPropertySignatureAndIndexSignature
FNDA:61,(anonymous_11)
DA:2,1
DA:3,1
DA:4,0
DA:5,0
DA:6,1
DA:7,1
DA:8,1
DA:9,1
DA:12,1
DA:13,1
DA:14,1
DA:15,1
DA:20,1
DA:21,1
DA:23,7
DA:25,1
DA:26,7
DA:28,1
DA:30,1
DA:32,831
DA:35,831
DA:36,156
DA:38,95
DA:39,18
DA:41,77
DA:43,77
DA:44,77
DA:47,736
LF:28
LH:26
BRDA:2,0,0,1
BRDA:2,0,1,1
BRDA:2,0,2,1
BRDA:3,1,0,1
BRDA:3,1,1,0
BRDA:3,1,2,0
BRDA:3,1,3,0
BRDA:5,2,0,0
BRDA:5,2,1,0
BRDA:9,3,0,0
BRDA:9,3,1,1
BRDA:23,4,0,7
BRDA:23,4,1,7
BRDA:23,4,2,7
BRDA:35,5,0,156
BRDA:35,5,1,675
BRDA:35,6,0,831
BRDA:35,6,1,722
BRDA:36,7,0,95
BRDA:36,7,1,61
BRDA:36,8,0,156
BRDA:36,8,1,61
BRDA:38,9,0,18
BRDA:38,9,1,77
BRF:24
BRH:18
end_of_record
